2025-11-05 12:56 +08:00: Error: listen EADDRINUSE: address already in use 0.0.0.0:3002
2025-11-05 12:56 +08:00:     at Server.setupListenHandle [as _listen2] (node:net:1940:16)
2025-11-05 12:56 +08:00:     at listenInCluster (node:net:1997:12)
2025-11-05 12:56 +08:00:     at node:net:2206:7
2025-11-05 12:56 +08:00:     at process.processTicksAndRejections (node:internal/process/task_queues:90:21) {
2025-11-05 12:56 +08:00:   code: 'EADDRINUSE',
2025-11-05 12:56 +08:00:   errno: -98,
2025-11-05 12:56 +08:00:   syscall: 'listen',
2025-11-05 12:56 +08:00:   address: '0.0.0.0',
2025-11-05 12:56 +08:00:   port: 3002
2025-11-05 12:56 +08:00: }
2025-11-05 12:56 +08:00: Error: listen EADDRINUSE: address already in use 0.0.0.0:3002
2025-11-05 12:56 +08:00:     at Server.setupListenHandle [as _listen2] (node:net:1940:16)
2025-11-05 12:56 +08:00:     at listenInCluster (node:net:1997:12)
2025-11-05 12:56 +08:00:     at node:net:2206:7
2025-11-05 12:56 +08:00:     at process.processTicksAndRejections (node:internal/process/task_queues:90:21) {
2025-11-05 12:56 +08:00:   code: 'EADDRINUSE',
2025-11-05 12:56 +08:00:   errno: -98,
2025-11-05 12:56 +08:00:   syscall: 'listen',
2025-11-05 12:56 +08:00:   address: '0.0.0.0',
2025-11-05 12:56 +08:00:   port: 3002
2025-11-05 12:56 +08:00: }
2025-11-05 12:56 +08:00: Error: listen EADDRINUSE: address already in use 0.0.0.0:3002
2025-11-05 12:56 +08:00:     at Server.setupListenHandle [as _listen2] (node:net:1940:16)
2025-11-05 12:56 +08:00:     at listenInCluster (node:net:1997:12)
2025-11-05 12:56 +08:00:     at node:net:2206:7
2025-11-05 12:56 +08:00:     at process.processTicksAndRejections (node:internal/process/task_queues:90:21) {
2025-11-05 12:56 +08:00:   code: 'EADDRINUSE',
2025-11-05 12:56 +08:00:   errno: -98,
2025-11-05 12:56 +08:00:   syscall: 'listen',
2025-11-05 12:56 +08:00:   address: '0.0.0.0',
2025-11-05 12:56 +08:00:   port: 3002
2025-11-05 12:56 +08:00: }
2025-11-05 12:56 +08:00: Error: listen EADDRINUSE: address already in use 0.0.0.0:3002
2025-11-05 12:56 +08:00:     at Server.setupListenHandle [as _listen2] (node:net:1940:16)
2025-11-05 12:56 +08:00:     at listenInCluster (node:net:1997:12)
2025-11-05 12:56 +08:00:     at node:net:2206:7
2025-11-05 12:56 +08:00:     at process.processTicksAndRejections (node:internal/process/task_queues:90:21) {
2025-11-05 12:56 +08:00:   code: 'EADDRINUSE',
2025-11-05 12:56 +08:00:   errno: -98,
2025-11-05 12:56 +08:00:   syscall: 'listen',
2025-11-05 12:56 +08:00:   address: '0.0.0.0',
2025-11-05 12:56 +08:00:   port: 3002
2025-11-05 12:56 +08:00: }
2025-11-05 12:56 +08:00: Error: listen EADDRINUSE: address already in use 0.0.0.0:3002
2025-11-05 12:56 +08:00:     at Server.setupListenHandle [as _listen2] (node:net:1940:16)
2025-11-05 12:56 +08:00:     at listenInCluster (node:net:1997:12)
2025-11-05 12:56 +08:00:     at node:net:2206:7
2025-11-05 12:56 +08:00:     at process.processTicksAndRejections (node:internal/process/task_queues:90:21) {
2025-11-05 12:56 +08:00:   code: 'EADDRINUSE',
2025-11-05 12:56 +08:00:   errno: -98,
2025-11-05 12:56 +08:00:   syscall: 'listen',
2025-11-05 12:56 +08:00:   address: '0.0.0.0',
2025-11-05 12:56 +08:00:   port: 3002
2025-11-05 12:56 +08:00: }
2025-11-05 12:56 +08:00: Error: listen EADDRINUSE: address already in use 0.0.0.0:3002
2025-11-05 12:56 +08:00:     at Server.setupListenHandle [as _listen2] (node:net:1940:16)
2025-11-05 12:56 +08:00:     at listenInCluster (node:net:1997:12)
2025-11-05 12:56 +08:00:     at node:net:2206:7
2025-11-05 12:56 +08:00:     at process.processTicksAndRejections (node:internal/process/task_queues:90:21) {
2025-11-05 12:56 +08:00:   code: 'EADDRINUSE',
2025-11-05 12:56 +08:00:   errno: -98,
2025-11-05 12:56 +08:00:   syscall: 'listen',
2025-11-05 12:56 +08:00:   address: '0.0.0.0',
2025-11-05 12:56 +08:00:   port: 3002
2025-11-05 12:56 +08:00: }
2025-11-05 12:56 +08:00: Error: listen EADDRINUSE: address already in use 0.0.0.0:3002
2025-11-05 12:56 +08:00:     at Server.setupListenHandle [as _listen2] (node:net:1940:16)
2025-11-05 12:56 +08:00:     at listenInCluster (node:net:1997:12)
2025-11-05 12:56 +08:00:     at node:net:2206:7
2025-11-05 12:56 +08:00:     at process.processTicksAndRejections (node:internal/process/task_queues:90:21) {
2025-11-05 12:56 +08:00:   code: 'EADDRINUSE',
2025-11-05 12:56 +08:00:   errno: -98,
2025-11-05 12:56 +08:00:   syscall: 'listen',
2025-11-05 12:56 +08:00:   address: '0.0.0.0',
2025-11-05 12:56 +08:00:   port: 3002
2025-11-05 12:56 +08:00: }
2025-11-05 12:56 +08:00: Error: listen EADDRINUSE: address already in use 0.0.0.0:3002
2025-11-05 12:56 +08:00:     at Server.setupListenHandle [as _listen2] (node:net:1940:16)
2025-11-05 12:56 +08:00:     at listenInCluster (node:net:1997:12)
2025-11-05 12:56 +08:00:     at node:net:2206:7
2025-11-05 12:56 +08:00:     at process.processTicksAndRejections (node:internal/process/task_queues:90:21) {
2025-11-05 12:56 +08:00:   code: 'EADDRINUSE',
2025-11-05 12:56 +08:00:   errno: -98,
2025-11-05 12:56 +08:00:   syscall: 'listen',
2025-11-05 12:56 +08:00:   address: '0.0.0.0',
2025-11-05 12:56 +08:00:   port: 3002
2025-11-05 12:56 +08:00: }
2025-11-05 12:56 +08:00: Error: listen EADDRINUSE: address already in use 0.0.0.0:3002
2025-11-05 12:56 +08:00:     at Server.setupListenHandle [as _listen2] (node:net:1940:16)
2025-11-05 12:56 +08:00:     at listenInCluster (node:net:1997:12)
2025-11-05 12:56 +08:00:     at node:net:2206:7
2025-11-05 12:56 +08:00:     at process.processTicksAndRejections (node:internal/process/task_queues:90:21) {
2025-11-05 12:56 +08:00:   code: 'EADDRINUSE',
2025-11-05 12:56 +08:00:   errno: -98,
2025-11-05 12:56 +08:00:   syscall: 'listen',
2025-11-05 12:56 +08:00:   address: '0.0.0.0',
2025-11-05 12:56 +08:00:   port: 3002
2025-11-05 12:56 +08:00: }
2025-11-05 12:56 +08:00: Error: listen EADDRINUSE: address already in use 0.0.0.0:3002
2025-11-05 12:56 +08:00:     at Server.setupListenHandle [as _listen2] (node:net:1940:16)
2025-11-05 12:56 +08:00:     at listenInCluster (node:net:1997:12)
2025-11-05 12:56 +08:00:     at node:net:2206:7
2025-11-05 12:56 +08:00:     at process.processTicksAndRejections (node:internal/process/task_queues:90:21) {
2025-11-05 12:56 +08:00:   code: 'EADDRINUSE',
2025-11-05 12:56 +08:00:   errno: -98,
2025-11-05 12:56 +08:00:   syscall: 'listen',
2025-11-05 12:56 +08:00:   address: '0.0.0.0',
2025-11-05 12:56 +08:00:   port: 3002
2025-11-05 12:56 +08:00: }
2025-11-05 12:56 +08:00: Error: listen EADDRINUSE: address already in use 0.0.0.0:3002
2025-11-05 12:56 +08:00:     at Server.setupListenHandle [as _listen2] (node:net:1940:16)
2025-11-05 12:56 +08:00:     at listenInCluster (node:net:1997:12)
2025-11-05 12:56 +08:00:     at node:net:2206:7
2025-11-05 12:56 +08:00:     at process.processTicksAndRejections (node:internal/process/task_queues:90:21) {
2025-11-05 12:56 +08:00:   code: 'EADDRINUSE',
2025-11-05 12:56 +08:00:   errno: -98,
2025-11-05 12:56 +08:00:   syscall: 'listen',
2025-11-05 12:56 +08:00:   address: '0.0.0.0',
2025-11-05 12:56 +08:00:   port: 3002
2025-11-05 12:56 +08:00: }
2025-11-05 12:56 +08:00: Error: listen EADDRINUSE: address already in use 0.0.0.0:3002
2025-11-05 12:56 +08:00:     at Server.setupListenHandle [as _listen2] (node:net:1940:16)
2025-11-05 12:56 +08:00:     at listenInCluster (node:net:1997:12)
2025-11-05 12:56 +08:00:     at node:net:2206:7
2025-11-05 12:56 +08:00:     at process.processTicksAndRejections (node:internal/process/task_queues:90:21) {
2025-11-05 12:56 +08:00:   code: 'EADDRINUSE',
2025-11-05 12:56 +08:00:   errno: -98,
2025-11-05 12:56 +08:00:   syscall: 'listen',
2025-11-05 12:56 +08:00:   address: '0.0.0.0',
2025-11-05 12:56 +08:00:   port: 3002
2025-11-05 12:56 +08:00: }
2025-11-05 12:56 +08:00: Error: listen EADDRINUSE: address already in use 0.0.0.0:3002
2025-11-05 12:56 +08:00:     at Server.setupListenHandle [as _listen2] (node:net:1940:16)
2025-11-05 12:56 +08:00:     at listenInCluster (node:net:1997:12)
2025-11-05 12:56 +08:00:     at node:net:2206:7
2025-11-05 12:56 +08:00:     at process.processTicksAndRejections (node:internal/process/task_queues:90:21) {
2025-11-05 12:56 +08:00:   code: 'EADDRINUSE',
2025-11-05 12:56 +08:00:   errno: -98,
2025-11-05 12:56 +08:00:   syscall: 'listen',
2025-11-05 12:56 +08:00:   address: '0.0.0.0',
2025-11-05 12:56 +08:00:   port: 3002
2025-11-05 12:56 +08:00: }
2025-11-05 12:56 +08:00: Error: listen EADDRINUSE: address already in use 0.0.0.0:3002
2025-11-05 12:56 +08:00:     at Server.setupListenHandle [as _listen2] (node:net:1940:16)
2025-11-05 12:56 +08:00:     at listenInCluster (node:net:1997:12)
2025-11-05 12:56 +08:00:     at node:net:2206:7
2025-11-05 12:56 +08:00:     at process.processTicksAndRejections (node:internal/process/task_queues:90:21) {
2025-11-05 12:56 +08:00:   code: 'EADDRINUSE',
2025-11-05 12:56 +08:00:   errno: -98,
2025-11-05 12:56 +08:00:   syscall: 'listen',
2025-11-05 12:56 +08:00:   address: '0.0.0.0',
2025-11-05 12:56 +08:00:   port: 3002
2025-11-05 12:56 +08:00: }
2025-11-05 12:56 +08:00: Error: listen EADDRINUSE: address already in use 0.0.0.0:3002
2025-11-05 12:56 +08:00:     at Server.setupListenHandle [as _listen2] (node:net:1940:16)
2025-11-05 12:56 +08:00:     at listenInCluster (node:net:1997:12)
2025-11-05 12:56 +08:00:     at node:net:2206:7
2025-11-05 12:56 +08:00:     at process.processTicksAndRejections (node:internal/process/task_queues:90:21) {
2025-11-05 12:56 +08:00:   code: 'EADDRINUSE',
2025-11-05 12:56 +08:00:   errno: -98,
2025-11-05 12:56 +08:00:   syscall: 'listen',
2025-11-05 12:56 +08:00:   address: '0.0.0.0',
2025-11-05 12:56 +08:00:   port: 3002
2025-11-05 12:56 +08:00: }
2025-11-05 12:56 +08:00: Error: listen EADDRINUSE: address already in use 0.0.0.0:3002
2025-11-05 12:56 +08:00:     at Server.setupListenHandle [as _listen2] (node:net:1940:16)
2025-11-05 12:56 +08:00:     at listenInCluster (node:net:1997:12)
2025-11-05 12:56 +08:00:     at node:net:2206:7
2025-11-05 12:56 +08:00:     at process.processTicksAndRejections (node:internal/process/task_queues:90:21) {
2025-11-05 12:56 +08:00:   code: 'EADDRINUSE',
2025-11-05 12:56 +08:00:   errno: -98,
2025-11-05 12:56 +08:00:   syscall: 'listen',
2025-11-05 12:56 +08:00:   address: '0.0.0.0',
2025-11-05 12:56 +08:00:   port: 3002
2025-11-05 12:56 +08:00: }
